<?xml version="1.0" encoding="UTF-8"?>
<!-- Generated by org.testng.reporters.JUnitXMLReporter -->
<testsuite ignored="0" hostname="Atefeh" failures="0" tests="5" name="Default test" time="30.299" errors="0" timestamp="2022-11-03T19:57:00 EDT">
  <testcase classname="Assignment_October30.TestNG_4" name="setUp" time="3.155"/>
  <testcase classname="Assignment_October30.TestNG_4" name="clickOnSingInRegister" time="12.564"/>
  <testcase classname="Assignment_October30.TestNG_4" name="createAccount" time="11.257"/>
  <testcase classname="Assignment_October30.TestNG_4" name="enterEmailAddress" time="0.46"/>
  <testcase classname="Assignment_October30.TestNG_4" name="enterNewPassword" time="0.094"/>
</testsuite> <!-- Default test -->
