<?xml version="1.0" encoding="UTF-8"?>
<testng-results ignored="0" total="5" passed="5" failed="0" skipped="0">
  <reporter-output>
  </reporter-output>
  <suite started-at="2022-11-03T19:56:29 EDT" name="Default suite" finished-at="2022-11-03T19:57:00 EDT" duration-ms="30299">
    <groups>
    </groups>
    <test started-at="2022-11-03T19:56:29 EDT" name="Default test" finished-at="2022-11-03T19:57:00 EDT" duration-ms="30299">
      <class name="Assignment_October30.TestNG_4">
        <test-method is-config="true" signature="launchBrowser()[pri:0, instance:Assignment_October30.TestNG_4@48aca48b]" started-at="2022-11-03T19:56:29 EDT" name="launchBrowser" finished-at="2022-11-03T19:56:32 EDT" duration-ms="2471" status="PASS">
          <reporter-output>
          </reporter-output>
        </test-method> <!-- launchBrowser -->
        <test-method signature="setUp()[pri:1, instance:Assignment_October30.TestNG_4@48aca48b]" started-at="2022-11-03T19:56:32 EDT" name="setUp" finished-at="2022-11-03T19:56:35 EDT" duration-ms="3155" status="PASS">
          <reporter-output>
          </reporter-output>
        </test-method> <!-- setUp -->
        <test-method signature="clickOnSingInRegister()[pri:2, instance:Assignment_October30.TestNG_4@48aca48b]" started-at="2022-11-03T19:56:35 EDT" name="clickOnSingInRegister" finished-at="2022-11-03T19:56:48 EDT" duration-ms="12564" status="PASS">
          <reporter-output>
          </reporter-output>
        </test-method> <!-- clickOnSingInRegister -->
        <test-method signature="createAccount()[pri:3, instance:Assignment_October30.TestNG_4@48aca48b]" started-at="2022-11-03T19:56:48 EDT" name="createAccount" finished-at="2022-11-03T19:56:59 EDT" duration-ms="11257" status="PASS">
          <reporter-output>
          </reporter-output>
        </test-method> <!-- createAccount -->
        <test-method signature="enterEmailAddress()[pri:4, instance:Assignment_October30.TestNG_4@48aca48b]" started-at="2022-11-03T19:56:59 EDT" name="enterEmailAddress" finished-at="2022-11-03T19:56:59 EDT" duration-ms="460" status="PASS">
          <reporter-output>
          </reporter-output>
        </test-method> <!-- enterEmailAddress -->
        <test-method signature="enterNewPassword()[pri:5, instance:Assignment_October30.TestNG_4@48aca48b]" started-at="2022-11-03T19:56:59 EDT" name="enterNewPassword" finished-at="2022-11-03T19:56:59 EDT" duration-ms="94" status="PASS">
          <reporter-output>
          </reporter-output>
        </test-method> <!-- enterNewPassword -->
        <test-method is-config="true" signature="teardown()[pri:0, instance:Assignment_October30.TestNG_4@48aca48b]" started-at="2022-11-03T19:56:59 EDT" name="teardown" finished-at="2022-11-03T19:57:00 EDT" duration-ms="242" status="PASS">
          <reporter-output>
          </reporter-output>
        </test-method> <!-- teardown -->
      </class> <!-- Assignment_October30.TestNG_4 -->
    </test> <!-- Default test -->
  </suite> <!-- Default suite -->
</testng-results>
